[16:02:04] [main/INFO] (FabricLoader/GameProvider) Loading Minecraft 1.20.1 with Fabric Loader 0.14.21
[16:02:04] [main/DEBUG] (FabricLoader/GamePatch) Found game constructor: net.minecraft.client.main.Main -> net.minecraft.client.MinecraftClient
[16:02:05] [main/DEBUG] (FabricLoader/GamePatch) Patching game constructor <init>(Lnet/minecraft/client/RunArgs;)V
[16:02:05] [main/DEBUG] (FabricLoader/GamePatch) Run directory field is thought to be net/minecraft/client/MinecraftClient/runDirectory
[16:02:05] [main/DEBUG] (FabricLoader/GamePatch) Applying brand name hook to net/minecraft/client/ClientBrandRetriever::getClientModName
[16:02:05] [main/DEBUG] (FabricLoader/GamePatch) Applying brand name hook to net/minecraft/server/MinecraftServer::getServerModName
[16:02:05] [main/DEBUG] (FabricLoader/GamePatch) Patched 3 classs
[16:02:05] [main/DEBUG] (FabricLoader/Discovery) Mod discovery time: 40.5 ms
[16:02:05] [main/WARN] (FabricLoader/Resolution) Mod resolution failed
[16:02:05] [main/INFO] (FabricLoader/Resolution) Immediate reason: [HARD_DEP_NO_CANDIDATE cobblemon 1.4.0+1.20.1 {depends fabric-api @ [*]}, ROOT_FORCELOAD_SINGLE cobblemon 1.4.0+1.20.1]
[16:02:05] [main/INFO] (FabricLoader/Resolution) Reason: [HARD_DEP cobblemon 1.4.0+1.20.1 {depends fabric-api @ [*]}]
[16:02:05] [main/INFO] (FabricLoader/Resolution) Fix: add [add:fabric-api 1 ([(-?,?)])], remove [], replace []
[16:02:05] [main/ERROR] (FabricLoader) Incompatible mod set!
net.fabricmc.loader.impl.FormattedException: Mod resolution encountered an incompatible mod set!
A potential solution has been determined:
	 - Install fabric-api, any version.
Unmet dependency listing:
	 - Mod 'Cobblemon' (cobblemon) 1.4.0+1.20.1 requires any version of fabric-api, which is missing!
	at net.fabricmc.loader.impl.FormattedException.ofLocalized(FormattedException.java:51) ~[fabric-loader-0.14.21.jar:?]
	at net.fabricmc.loader.impl.FabricLoaderImpl.load(FabricLoaderImpl.java:192) ~[fabric-loader-0.14.21.jar:?]
	at net.fabricmc.loader.impl.launch.knot.Knot.init(Knot.java:148) ~[fabric-loader-0.14.21.jar:?]
	at net.fabricmc.loader.impl.launch.knot.Knot.launch(Knot.java:68) ~[fabric-loader-0.14.21.jar:?]
	at net.fabricmc.loader.impl.launch.knot.KnotClient.main(KnotClient.java:23) ~[fabric-loader-0.14.21.jar:?]
	at net.fabricmc.devlaunchinjector.Main.main(Main.java:86) ~[?:?]
