[11:42:33] [main/INFO] (FabricLoader/GameProvider) Loading Minecraft 1.19.2 with Fabric Loader 0.14.10
[11:42:33] [ForkJoinPool-1-worker-1/WARN] (FabricLoader/Metadata) Mod pokemontoitem uses the version 0.0.1_BETA+1.19.2 which isn't compatible with Loader's extended semantic version format (Could not parse version number component '1_BETA'!), SemVer is recommended for reliably evaluating dependencies and prioritizing newer version
[11:42:34] [main/INFO] (FabricLoader) Loading 42 mods:
	- architectury 6.5.69
	- cobblemon 1.3.1+1.19.2
	- fabric-api 0.75.1+1.19.2
	- fabric-api-base 0.4.15+8f4e8eb390
	- fabric-api-lookup-api-v1 1.6.14+93d8cb8290
	- fabric-biome-api-v1 9.1.0+82db024a90
	- fabric-block-api-v1 1.0.2+e415d50e90
	- fabric-command-api-v2 2.2.1+413cbbc790
	- fabric-content-registries-v0 3.5.1+7c6cd14d90
	- fabric-convention-tags-v1 1.2.2+27265b3490
	- fabric-crash-report-info-v1 0.2.8+aeb40ebe90
	- fabric-data-generation-api-v1 5.3.7+413cbbc790
	- fabric-dimensions-v1 2.1.35+0d0f210290
	- fabric-entity-events-v1 1.5.4+9244241690
	- fabric-events-interaction-v0 0.4.34+562bff6e90
	- fabric-game-rule-api-v1 1.0.24+b6b6abb490
	- fabric-gametest-api-v1 1.1.7+4d0d570390
	- fabric-item-api-v1 1.6.5+dce4603e90
	- fabric-item-groups-v0 0.3.38+9244241690
	- fabric-language-kotlin 1.8.2+kotlin.1.7.10
	- fabric-lifecycle-events-v1 2.2.4+1b46dc7890
	- fabric-loot-api-v2 1.1.12+83a8659290
	- fabric-message-api-v1 5.0.7+93d8cb8290
	- fabric-mining-level-api-v1 2.1.23+33fbc73890
	- fabric-networking-api-v1 1.2.11+10eb22f490
	- fabric-object-builder-api-v1 4.2.1+d8ef690890
	- fabric-particles-v1 1.0.14+4d0d570390
	- fabric-permissions-api-v0 0.2-SNAPSHOT
	- fabric-recipe-api-v1 1.0.1+413cbbc790
	- fabric-registry-sync-v0 0.9.32+9244241690
	- fabric-rendering-data-attachment-v1 0.3.19+6e0787e690
	- fabric-rendering-fluids-v1 3.0.11+4d0d570390
	- fabric-resource-conditions-api-v1 2.1.2+aae9039d90
	- fabric-resource-loader-v0 0.8.3+251d254a90
	- fabric-screen-handler-api-v1 1.3.7+1cc24b1b90
	- fabric-transfer-api-v1 2.1.6+413cbbc790
	- fabric-transitive-access-wideners-v1 1.3.3+08b73de490
	- fabricloader 0.14.10
	- generated_3b6d621 1.0.0
	- java 17
	- minecraft 1.19.2
	- pokemontoitem 0.0.1_BETA+1.19.2
[11:42:34] [main/INFO] (FabricLoader/Mixin) SpongePowered MIXIN Subsystem Version=0.8.5 Source=file:/C:/Users/sathi/.gradle/caches/modules-2/files-2.1/net.fabricmc/sponge-mixin/0.11.4+mixin.0.8.5/c1dc27696aa4006e492c2485c9ccbcb26045a971/sponge-mixin-0.11.4+mixin.0.8.5.jar Service=Knot/Fabric Env=SERVER
[11:42:34] [main/INFO] (FabricLoader/Mixin) Loaded Fabric development mappings for mixin remapper!
[11:42:34] [main/INFO] (FabricLoader/Mixin) Compatibility level set to JAVA_16
[11:42:34] [main/INFO] (FabricLoader/Mixin) Compatibility level set to JAVA_17
[11:42:36] [main/WARN] (FileUtil) Configuration conflict: there is more than one oshi.properties file on the classpath
[11:42:37] [main/WARN] (FileUtil) Configuration conflict: there is more than one oshi.architecture.properties file on the classpath
[11:42:42] [main/INFO] (Minecraft) Building unoptimized datafixer
[11:42:45] [main/INFO] (Cobblemon) Booting LaxPermissionValidator, permissions will be checked using Minecrafts permission level system, see https://minecraft.fandom.com/wiki/Permission_level
[11:42:46] [main/INFO] (Cobblemon) Starting the Best Spawner...
[11:42:46] [main/INFO] (Cobblemon) Loaded 5 spawning condition types.
[11:42:46] [main/INFO] (Cobblemon) Loaded 5 spawning context types.
[11:42:46] [main/INFO] (Cobblemon) Loaded 1 spawn detail types.
[11:42:47] [main/ERROR] (Minecraft) No data fixer registered for cobblemon:pokemon
[11:42:47] [main/ERROR] (Minecraft) No data fixer registered for cobblemon:empty_pokeball
[11:42:47] [Cobblemon Showdown/INFO] (Cobblemon) Starting showdown service...
[11:42:51] [Cobblemon Showdown/INFO] (Cobblemon) Showdown has been started!
[11:42:51] [main/INFO] (Cobblemon) All registries loaded.
[11:42:51] [main/INFO] (Cobblemon) Note: Cobblemon data registries are only loaded once per server instance as Pokémon species are not safe to reload.
[11:42:51] [main/INFO] (Cobblemon) Registered the cobblemon:species_features registry
[11:42:51] [main/INFO] (Cobblemon) Registered the cobblemon:global_species_features registry
[11:42:51] [main/INFO] (Cobblemon) Registered the cobblemon:species_feature_assignments registry
[11:42:51] [main/INFO] (Cobblemon) Registered the cobblemon:moves registry
[11:42:51] [main/INFO] (Cobblemon) Registered the cobblemon:abilities registry
[11:42:51] [main/INFO] (Cobblemon) Registered the cobblemon:species registry
[11:42:51] [main/INFO] (Cobblemon) Registered the cobblemon:species_additions registry
[11:42:51] [main/INFO] (Cobblemon) Registered the cobblemon:pokeballs registry
[11:42:51] [main/INFO] (Cobblemon) Registered the cobblemon:properties_tab_completion registry
[11:42:51] [main/INFO] (Cobblemon) Registered the cobblemon:spawn_detail_presets registry
[11:42:51] [main/INFO] (Cobblemon) Registered the cobblemon:spawn_pool_world registry
[11:42:51] [main/INFO] (Cobblemon) Booting FabricPermissionValidator, permissions will be checked using fabric-permissions-api, see https://github.com/lucko/fabric-permissions-api
[11:42:52] [main/INFO] (Minecraft) Environment: authHost='https://authserver.mojang.com', accountsHost='https://api.mojang.com', sessionHost='https://sessionserver.mojang.com', servicesHost='https://api.minecraftservices.com', name='PROD'
[11:42:55] [main/INFO] (Minecraft) Loaded 7 recipes
[11:42:56] [main/ERROR] (Minecraft) Parsing error loading custom advancement cobblemon:recipes/held/never_melt_ice_using_stone: Unknown item id 'cobblemon:never_melt_ice_using_stone'
[11:42:56] [main/INFO] (Minecraft) Loaded 1337 advancements
[11:43:00] [main/INFO] (Cobblemon) Loaded 917 moves
[11:43:00] [main/INFO] (Cobblemon) Loaded 302 abilities
[11:43:01] [main/INFO] (Cobblemon) Finished additions
[11:43:02] [main/INFO] (Cobblemon) Imported 97 held item IDs from showdown
[11:43:02] [main/INFO] (Cobblemon) Loaded 1010 Pokémon species
[11:43:02] [main/INFO] (Cobblemon) Starting dummy Showdown battle to force it to pre-load data.
[11:43:03] [main/INFO] (Cobblemon) Loaded 14 spawn detail presets.
[11:43:05] [main/INFO] (BiomeModificationImpl) Applied 252 biome modifications to 63 of 63 new biomes in 38.61 ms
[11:43:05] [Server thread/INFO] (Minecraft) Starting minecraft server version 1.19.2
[11:43:05] [Server thread/INFO] (Minecraft) Loading properties
[11:43:05] [Server thread/INFO] (Minecraft) Default game type: SURVIVAL
[11:43:05] [Server thread/INFO] (Minecraft) Generating keypair
[11:43:05] [Server thread/INFO] (Minecraft) Starting Minecraft server on *:25565
[11:43:05] [Server thread/INFO] (Minecraft) Using default channel type
[11:43:06] [Server thread/WARN] (Minecraft) **** SERVER IS RUNNING IN OFFLINE/INSECURE MODE!
[11:43:06] [Server thread/WARN] (Minecraft) The server will make no attempt to authenticate usernames. Beware.
[11:43:06] [Server thread/WARN] (Minecraft) While this makes the game possible to play without internet access, it also opens up the ability for hackers to connect with any username they choose.
[11:43:06] [Server thread/WARN] (Minecraft) To change this, set "online-mode" to "true" in the server.properties file.
[11:43:06] [Server thread/INFO] (Minecraft) Preparing level "world"
[11:43:19] [Server thread/INFO] (Minecraft) Preparing start region for dimension minecraft:overworld
[11:43:19] [Worker-Main-11/INFO] (Minecraft) Preparing spawn area: 0%
[11:43:19] [Worker-Main-11/INFO] (Minecraft) Preparing spawn area: 0%
[11:43:20] [Worker-Main-11/INFO] (Minecraft) Preparing spawn area: 0%
[11:43:20] [Worker-Main-9/INFO] (Minecraft) Preparing spawn area: 0%
[11:43:21] [Worker-Main-13/INFO] (Minecraft) Preparing spawn area: 0%
[11:43:21] [Worker-Main-11/INFO] (Minecraft) Preparing spawn area: 0%
[11:43:22] [Worker-Main-4/INFO] (Minecraft) Preparing spawn area: 1%
[11:43:22] [Worker-Main-4/INFO] (Minecraft) Preparing spawn area: 2%
[11:43:23] [Worker-Main-4/INFO] (Minecraft) Preparing spawn area: 3%
[11:43:23] [Worker-Main-3/INFO] (Minecraft) Preparing spawn area: 4%
[11:43:24] [Worker-Main-14/INFO] (Minecraft) Preparing spawn area: 5%
[11:43:24] [Worker-Main-1/INFO] (Minecraft) Preparing spawn area: 7%
[11:43:25] [Worker-Main-9/INFO] (Minecraft) Preparing spawn area: 10%
[11:43:25] [Worker-Main-15/INFO] (Minecraft) Preparing spawn area: 12%
[11:43:26] [Worker-Main-13/INFO] (Minecraft) Preparing spawn area: 15%
[11:43:26] [Worker-Main-14/INFO] (Minecraft) Preparing spawn area: 17%
[11:43:27] [Worker-Main-9/INFO] (Minecraft) Preparing spawn area: 19%
[11:43:27] [Worker-Main-2/INFO] (Minecraft) Preparing spawn area: 23%
[11:43:28] [Worker-Main-4/INFO] (Minecraft) Preparing spawn area: 26%
[11:43:28] [Worker-Main-12/INFO] (Minecraft) Preparing spawn area: 30%
[11:43:29] [Worker-Main-6/INFO] (Minecraft) Preparing spawn area: 32%
[11:43:29] [Worker-Main-12/INFO] (Minecraft) Preparing spawn area: 36%
[11:43:30] [Worker-Main-12/INFO] (Minecraft) Preparing spawn area: 38%
[11:43:30] [Worker-Main-7/INFO] (Minecraft) Preparing spawn area: 41%
[11:43:31] [Worker-Main-15/INFO] (Minecraft) Preparing spawn area: 43%
[11:43:31] [Worker-Main-9/INFO] (Minecraft) Preparing spawn area: 47%
[11:43:32] [Worker-Main-2/INFO] (Minecraft) Preparing spawn area: 51%
[11:43:32] [Worker-Main-13/INFO] (Minecraft) Preparing spawn area: 55%
[11:43:33] [Worker-Main-15/INFO] (Minecraft) Preparing spawn area: 58%
[11:43:33] [Worker-Main-5/INFO] (Minecraft) Preparing spawn area: 60%
[11:43:34] [Worker-Main-11/INFO] (Minecraft) Preparing spawn area: 62%
[11:43:34] [Worker-Main-13/INFO] (Minecraft) Preparing spawn area: 68%
[11:43:35] [Worker-Main-15/INFO] (Minecraft) Preparing spawn area: 69%
[11:43:35] [Worker-Main-14/INFO] (Minecraft) Preparing spawn area: 71%
[11:43:36] [Worker-Main-9/INFO] (Minecraft) Preparing spawn area: 75%
[11:43:36] [Worker-Main-2/INFO] (Minecraft) Preparing spawn area: 80%
[11:43:37] [Worker-Main-5/INFO] (Minecraft) Preparing spawn area: 84%
[11:43:37] [Worker-Main-2/INFO] (Minecraft) Preparing spawn area: 85%
[11:43:38] [Worker-Main-1/INFO] (Minecraft) Preparing spawn area: 90%
[11:43:38] [Worker-Main-4/INFO] (Minecraft) Preparing spawn area: 94%
[11:43:39] [Server thread/INFO] (Minecraft) Time elapsed: 20009 ms
[11:43:39] [Server thread/INFO] (Minecraft) Done (33.020s)! For help, type "help"
[11:44:23] [Server thread/INFO] (Minecraft) PLK0315[/127.0.0.1:51559] logged in with entity id 253 at (-0.5, 120.0, -4.5)
[11:44:23] [Server thread/INFO] (Minecraft) PLK0315 joined the game
[11:44:30] [Server thread/INFO] (Minecraft) PLK0315 has made the advancement [The World of Cobblemon!]
[11:44:44] [Server thread/INFO] (Minecraft) Made PLK0315 a server operator
[11:44:56] [Server thread/INFO] (ItemToPoke) {Ability:{AbilityForced:0b,AbilityIndex:0,AbilityName:"blaze",AbilityPriority:"LOWEST"},BenchedMoves:[],CaughtBall:"cobblemon:poke_ball",CobblemonVersion:"1.3.1",EVs:{},Evolutions:{Pending:{pending:[],progress:[]}},Experience:560,FaintedTimer:-1,FormId:"normal",Friendship:50s,Gender:"MALE",HealingTimer:60,Health:30s,IVs:{attack:7s,hp:25s,special_attack:21s,special_defence:7s,speed:17s},Level:10s,MoveSet:[{MoveName:"ember",MovePP:25,RaisedPPStages:0},{MoveName:"scratch",MovePP:35,RaisedPPStages:0},{MoveName:"growl",MovePP:40,RaisedPPStages:0}],Nature:"cobblemon:adamant",PokemonData:[],ScaleModifier:1.0f,Shiny:0b,Species:"cobblemon:charmander",UUID:[I;901189409,1159678960,-1887458365,-87207124]}
[11:45:02] [Server thread/INFO] (Minecraft) PLK0315 lost connection: Disconnected
[11:45:02] [Server thread/INFO] (Minecraft) PLK0315 left the game
